2017/09/21 15:19:33 [error] [system.db.CDbCommand] Не удалось выполнить CDbCommand::fetchAll(): SQLSTATE[42S22]: Column not found: 1054 Unknown column 'isOnline' in 'field list'. Выполнявшийся SQL-запрос: SELECT UID,Name,Leader,isOnline,Rank FROM `accounts` `t` WHERE Member = :leader ORDER BY Rank DESC.
2017/09/21 15:19:33 [error] [exception.CDbException] exception 'CDbException' with message 'CDbCommand не удалось исполнить SQL-запрос: SQLSTATE[42S22]: Column not found: 1054 Unknown column 'isOnline' in 'field list'' in E:\OpenServer\domains\florida.loc\framework\db\CDbCommand.php:543
Stack trace:
#0 E:\OpenServer\domains\florida.loc\framework\db\CDbCommand.php(396): CDbCommand->queryInternal('fetchAll', Array, Array)
#1 E:\OpenServer\domains\florida.loc\framework\db\ar\CActiveRecord.php(1351): CDbCommand->queryAll()
#2 E:\OpenServer\domains\florida.loc\framework\db\ar\CActiveRecord.php(1470): CActiveRecord->query(Object(CDbCriteria), true)
#3 E:\OpenServer\domains\florida.loc\protected\controllers\UsersController.php(137): CActiveRecord->findAll(Object(CDbCriteria))
#4 [internal function]: UsersController->actionView('1')
#5 E:\OpenServer\domains\florida.loc\framework\web\actions\CAction.php(108): ReflectionMethod->invokeArgs(Object(UsersController), Array)
#6 E:\OpenServer\domains\florida.loc\framework\web\actions\CInlineAction.php(47): CAction->runWithParamsInternal(Object(UsersController), Object(ReflectionMethod), Array)
#7 E:\OpenServer\domains\florida.loc\framework\web\CController.php(318): CInlineAction->runWithParams(Array)
#8 E:\OpenServer\domains\florida.loc\framework\web\CController.php(296): CController->runAction(Object(CInlineAction))
#9 E:\OpenServer\domains\florida.loc\framework\web\CController.php(275): CController->runActionWithFilters(Object(CInlineAction), Array)
#10 E:\OpenServer\domains\florida.loc\framework\web\CWebApplication.php(282): CController->run('view')
#11 E:\OpenServer\domains\florida.loc\framework\web\CWebApplication.php(141): CWebApplication->runController('users/view')
#12 E:\OpenServer\domains\florida.loc\framework\base\CApplication.php(180): CWebApplication->processRequest()
#13 E:\OpenServer\domains\florida.loc\index.php(7): CApplication->run()
#14 {main}
REQUEST_URI=/id1
HTTP_REFERER=http://florida.loc/index.php
---
2017/09/21 15:26:51 [error] [exception.CHttpException.404] exception 'CHttpException' with message 'Невозможно обработать запрос "favicon.ico".' in E:\OpenServer\domains\florida.loc\framework\web\CWebApplication.php:286
Stack trace:
#0 E:\OpenServer\domains\florida.loc\framework\web\CWebApplication.php(141): CWebApplication->runController('favicon.ico')
#1 E:\OpenServer\domains\florida.loc\framework\base\CApplication.php(180): CWebApplication->processRequest()
#2 E:\OpenServer\domains\florida.loc\index.php(7): CApplication->run()
#3 {main}
REQUEST_URI=/favicon.ico
HTTP_REFERER=http://florida.loc/id1
---
2017/09/21 15:34:18 [error] [exception.CHttpException.404] exception 'CHttpException' with message 'Невозможно обработать запрос "favicon.ico".' in E:\OpenServer\domains\florida.loc\framework\web\CWebApplication.php:286
Stack trace:
#0 E:\OpenServer\domains\florida.loc\framework\web\CWebApplication.php(141): CWebApplication->runController('favicon.ico')
#1 E:\OpenServer\domains\florida.loc\framework\base\CApplication.php(180): CWebApplication->processRequest()
#2 E:\OpenServer\domains\florida.loc\index.php(7): CApplication->run()
#3 {main}
REQUEST_URI=/favicon.ico
HTTP_REFERER=http://florida.loc/id1
---
2017/09/21 15:48:47 [error] [exception.CHttpException.404] exception 'CHttpException' with message 'Невозможно обработать запрос "css/fm.revealator.jquery.css.map".' in E:\OpenServer\domains\florida.loc\framework\web\CWebApplication.php:286
Stack trace:
#0 E:\OpenServer\domains\florida.loc\framework\web\CWebApplication.php(141): CWebApplication->runController('css/fm.revealat...')
#1 E:\OpenServer\domains\florida.loc\framework\base\CApplication.php(180): CWebApplication->processRequest()
#2 E:\OpenServer\domains\florida.loc\index.php(7): CApplication->run()
#3 {main}
REQUEST_URI=/css/fm.revealator.jquery.css.map
---
